<?xml version="1.0" encoding="UTF-8"?>
<testng-results skipped="0" failed="0" total="1" passed="1">
  <reporter-output>
  </reporter-output>
  <suite name="onlineTest.BasicTest" duration-ms="3774" started-at="2021-09-27T21:51:41Z" finished-at="2021-09-27T21:51:45Z">
    <groups>
    </groups>
    <test name="Command line test" duration-ms="3774" started-at="2021-09-27T21:51:41Z" finished-at="2021-09-27T21:51:45Z">
      <class name="onlineTest.BasicTest">
        <test-method status="PASS" signature="initialize()[pri:0, instance:onlineTest.BasicTest@30c7da1e]" name="initialize" is-config="true" duration-ms="3748" started-at="2021-09-27T23:51:41Z" finished-at="2021-09-27T23:51:45Z">
          <reporter-output>
          </reporter-output>
        </test-method> <!-- initialize -->
        <test-method status="PASS" signature="verifyWebPageTitle()[pri:0, instance:onlineTest.BasicTest@30c7da1e]" name="verifyWebPageTitle" duration-ms="4" started-at="2021-09-27T23:51:45Z" finished-at="2021-09-27T23:51:45Z">
          <reporter-output>
          </reporter-output>
        </test-method> <!-- verifyWebPageTitle -->
      </class> <!-- onlineTest.BasicTest -->
    </test> <!-- Command line test -->
  </suite> <!-- onlineTest.BasicTest -->
</testng-results>
